This is pdfTeX, Version 3.1415926-2.4-1.40.13 (TeX Live 2012/Debian) (format=pdflatex 2014.3.19)  29 MAY 2014 10:27
entering extended mode
 restricted \write18 enabled.
 %&-line parsing enabled.
**template.tex
(./template.tex
LaTeX2e <2011/06/27>
Babel <v3.8m> and hyphenation patterns for english, dumylang, nohyphenation, lo
aded.
(./priclass.cls

LaTeX Warning: You have requested document class `priclass',
               but the document class provides `report'.

Document Class: report 2004/02/16 v1.4f Standard LaTeX document class
(/usr/share/texlive/texmf-dist/tex/latex/base/size12.clo
File: size12.clo 2007/10/19 v1.4h Standard LaTeX file (size option)
)
\c@part=\count79
\c@chapter=\count80
\c@section=\count81
\c@subsection=\count82
\c@subsubsection=\count83
\c@paragraph=\count84
\c@subparagraph=\count85
\c@figure=\count86
\c@table=\count87
\abovecaptionskip=\skip41
\belowcaptionskip=\skip42
\bibindent=\dimen102
) (./pdfscreen.sty
Package: pdfscreen 2000/07/07 v.1.5 screen PDF design (CVR)

(/usr/share/texlive/texmf-dist/tex/latex/graphics/graphicx.sty
Package: graphicx 1999/02/16 v1.0f Enhanced LaTeX Graphics (DPC,SPQR)

(/usr/share/texlive/texmf-dist/tex/latex/graphics/keyval.sty
Package: keyval 1999/03/16 v1.13 key=value parser (DPC)
\KV@toks@=\toks14
)
(/usr/share/texlive/texmf-dist/tex/latex/graphics/graphics.sty
Package: graphics 2009/02/05 v1.0o Standard LaTeX Graphics (DPC,SPQR)

(/usr/share/texlive/texmf-dist/tex/latex/graphics/trig.sty
Package: trig 1999/03/16 v1.09 sin cos tan (DPC)
)
(/usr/share/texlive/texmf-dist/tex/latex/latexconfig/graphics.cfg
File: graphics.cfg 2010/04/23 v1.9 graphics configuration of TeX Live
)
Package graphics Info: Driver file: pdftex.def on input line 91.

(/usr/share/texlive/texmf-dist/tex/latex/pdftex-def/pdftex.def
File: pdftex.def 2011/05/27 v0.06d Graphics/color for pdfTeX

(/usr/share/texlive/texmf-dist/tex/generic/oberdiek/infwarerr.sty
Package: infwarerr 2010/04/08 v1.3 Providing info/warning/error messages (HO)
)
(/usr/share/texlive/texmf-dist/tex/generic/oberdiek/ltxcmds.sty
Package: ltxcmds 2011/11/09 v1.22 LaTeX kernel commands for general use (HO)
)
\Gread@gobject=\count88
))
\Gin@req@height=\dimen103
\Gin@req@width=\dimen104
)
(/usr/share/texlive/texmf-dist/tex/latex/graphics/color.sty
Package: color 2005/11/14 v1.0j Standard LaTeX Color (DPC)

(/usr/share/texlive/texmf-dist/tex/latex/latexconfig/color.cfg
File: color.cfg 2007/01/18 v1.5 color configuration of teTeX/TeXLive
)
Package color Info: Driver file: pdftex.def on input line 130.
)
(/usr/share/texlive/texmf-dist/tex/latex/tools/calc.sty
Package: calc 2007/08/22 v4.3 Infix arithmetic (KKT,FJ)
\calc@Acount=\count89
\calc@Bcount=\count90
\calc@Adimen=\dimen105
\calc@Bdimen=\dimen106
\calc@Askip=\skip43
\calc@Bskip=\skip44
LaTeX Info: Redefining \setlength on input line 76.
LaTeX Info: Redefining \addtolength on input line 77.
\calc@Ccount=\count91
\calc@Cskip=\skip45
) (./comment.sty)
\c@panel=\count92
\c@driver=\count93
\c@scheme=\count94
)
(/usr/share/texlive/texmf-dist/tex/latex/setspace/setspace.sty
Package: setspace 2011/12/19 v6.7a set line spacing
)
(/usr/share/texlive/texmf-dist/tex/latex/float/float.sty
Package: float 2001/11/08 v1.3d Float enhancements (AL)
\c@float@type=\count95
\float@exts=\toks15
\float@box=\box26
\@float@everytoks=\toks16
\@floatcapt=\box27
) (./titlesec.sty
Package: titlesec 2011/12/15 v2.10.0 Sectioning titles
\ttl@box=\box28
\beforetitleunit=\skip46
\aftertitleunit=\skip47
\ttl@plus=\dimen107
\ttl@minus=\dimen108
\ttl@toksa=\toks17
\titlewidth=\dimen109
\titlewidthlast=\dimen110
\titlewidthfirst=\dimen111
)
(/usr/share/texlive/texmf-dist/tex/latex/geometry/geometry.sty
Package: geometry 2010/09/12 v5.6 Page Geometry

(/usr/share/texlive/texmf-dist/tex/generic/oberdiek/ifpdf.sty
Package: ifpdf 2011/01/30 v2.3 Provides the ifpdf switch (HO)
Package ifpdf Info: pdfTeX in PDF mode is detected.
)
(/usr/share/texlive/texmf-dist/tex/generic/oberdiek/ifvtex.sty
Package: ifvtex 2010/03/01 v1.5 Detect VTeX and its facilities (HO)
Package ifvtex Info: VTeX not detected.
)
(/usr/share/texlive/texmf-dist/tex/generic/ifxetex/ifxetex.sty
Package: ifxetex 2010/09/12 v0.6 Provides ifxetex conditional
)
\Gm@cnth=\count96
\Gm@cntv=\count97
\c@Gm@tempcnt=\count98
\Gm@bindingoffset=\dimen112
\Gm@wd@mp=\dimen113
\Gm@odd@mp=\dimen114
\Gm@even@mp=\dimen115
\Gm@layoutwidth=\dimen116
\Gm@layoutheight=\dimen117
\Gm@layouthoffset=\dimen118
\Gm@layoutvoffset=\dimen119
\Gm@dimlist=\toks18
)
(./template.aux (./abstract.aux) (./acknowledge.aux) (./organisation.aux)
(./requirement.aux) (./design.aux) (./implementation.aux) (./result.aux)
(./conclude.aux) (./bibliography.aux))
\openout1 = `template.aux'.

LaTeX Font Info:    Checking defaults for OML/cmm/m/it on input line 57.
LaTeX Font Info:    ... okay on input line 57.
LaTeX Font Info:    Checking defaults for T1/cmr/m/n on input line 57.
LaTeX Font Info:    ... okay on input line 57.
LaTeX Font Info:    Checking defaults for OT1/cmr/m/n on input line 57.
LaTeX Font Info:    ... okay on input line 57.
LaTeX Font Info:    Checking defaults for OMS/cmsy/m/n on input line 57.
LaTeX Font Info:    ... okay on input line 57.
LaTeX Font Info:    Checking defaults for OMX/cmex/m/n on input line 57.
LaTeX Font Info:    ... okay on input line 57.
LaTeX Font Info:    Checking defaults for U/cmr/m/n on input line 57.
LaTeX Font Info:    ... okay on input line 57.
LaTeX Font Info:    Try loading font information for OT1+ptm on input line 57.

(/usr/share/texlive/texmf-dist/tex/latex/psnfss/ot1ptm.fd
File: ot1ptm.fd 2001/06/04 font definitions for OT1/ptm.
)
(/usr/share/texlive/texmf-dist/tex/context/base/supp-pdf.mkii
[Loading MPS to PDF converter (version 2006.09.02).]
\scratchcounter=\count99
\scratchdimen=\dimen120
\scratchbox=\box29
\nofMPsegments=\count100
\nofMParguments=\count101
\everyMPshowfont=\toks19
\MPscratchCnt=\count102
\MPscratchDim=\dimen121
\MPnumerator=\count103
\makeMPintoPDFobject=\count104
\everyMPtoPDFconversion=\toks20
) (/usr/share/texlive/texmf-dist/tex/generic/oberdiek/pdftexcmds.sty
Package: pdftexcmds 2011/11/29 v0.20 Utility functions of pdfTeX for LuaTeX (HO
)

(/usr/share/texlive/texmf-dist/tex/generic/oberdiek/ifluatex.sty
Package: ifluatex 2010/03/01 v1.3 Provides the ifluatex switch (HO)
Package ifluatex Info: LuaTeX not detected.
)
Package pdftexcmds Info: LuaTeX not detected.
Package pdftexcmds Info: \pdf@primitive is available.
Package pdftexcmds Info: \pdf@ifprimitive is available.
Package pdftexcmds Info: \pdfdraftmode found.
)
(/usr/share/texlive/texmf-dist/tex/latex/oberdiek/epstopdf-base.sty
Package: epstopdf-base 2010/02/09 v2.5 Base part for package epstopdf

(/usr/share/texlive/texmf-dist/tex/latex/oberdiek/grfext.sty
Package: grfext 2010/08/19 v1.1 Manage graphics extensions (HO)

(/usr/share/texlive/texmf-dist/tex/generic/oberdiek/kvdefinekeys.sty
Package: kvdefinekeys 2011/04/07 v1.3 Define keys (HO)
))
(/usr/share/texlive/texmf-dist/tex/latex/oberdiek/kvoptions.sty
Package: kvoptions 2011/06/30 v3.11 Key value format for package options (HO)

(/usr/share/texlive/texmf-dist/tex/generic/oberdiek/kvsetkeys.sty
Package: kvsetkeys 2012/04/25 v1.16 Key value parser (HO)

(/usr/share/texlive/texmf-dist/tex/generic/oberdiek/etexcmds.sty
Package: etexcmds 2011/02/16 v1.5 Avoid name clashes with e-TeX commands (HO)
Package etexcmds Info: Could not find \expanded.
(etexcmds)             That can mean that you are not using pdfTeX 1.50 or
(etexcmds)             that some package has redefined \expanded.
(etexcmds)             In the latter case, load this package earlier.
)))
Package grfext Info: Graphics extension search list:
(grfext)             [.png,.pdf,.jpg,.mps,.jpeg,.jbig2,.jb2,.PNG,.PDF,.JPG,.JPE
G,.JBIG2,.JB2,.eps]
(grfext)             \AppendGraphicsExtensions on input line 452.

(/usr/share/texlive/texmf-dist/tex/latex/latexconfig/epstopdf-sys.cfg
File: epstopdf-sys.cfg 2010/07/13 v1.3 Configuration of (r)epstopdf for TeX Liv
e
))
*geometry* driver: auto-detecting
*geometry* detected driver: pdftex
*geometry* verbose mode - [ preamble ] result:
* driver: pdftex
* paper: <default>
* layout: <same size as paper>
* layoutoffset:(h,v)=(0.0pt,0.0pt)
* modes: 
* h-part:(L,W,R)=(71.13188pt, 500.484pt, 42.67912pt)
* v-part:(T,H,B)=(71.13188pt, 681.15898pt, 42.67912pt)
* \paperwidth=614.295pt
* \paperheight=794.96999pt
* \textwidth=500.484pt
* \textheight=681.15898pt
* \oddsidemargin=-1.1381pt
* \evensidemargin=-1.1381pt
* \topmargin=-38.1381pt
* \headheight=12.0pt
* \headsep=25.0pt
* \topskip=12.0pt
* \footskip=30.0pt
* \marginparwidth=44.0pt
* \marginparsep=10.0pt
* \columnsep=10.0pt
* \skip\footins=10.8pt plus 4.0pt minus 2.0pt
* \hoffset=0.0pt
* \voffset=0.0pt
* \mag=1000
* \@twocolumnfalse
* \@twosidefalse
* \@mparswitchfalse
* \@reversemarginfalse
* (1in=72.27pt=25.4mm, 1cm=28.453pt)

LaTeX Font Info:    Font shape `OT1/ptm/bx/n' in size <20.74> not available
(Font)              Font shape `OT1/ptm/b/n' tried instead on input line 60.
LaTeX Font Info:    Font shape `OT1/ptm/bx/n' in size <17.28> not available
(Font)              Font shape `OT1/ptm/b/n' tried instead on input line 60.
LaTeX Font Info:    Font shape `OT1/ptm/bx/n' in size <12> not available
(Font)              Font shape `OT1/ptm/b/n' tried instead on input line 60.
LaTeX Font Info:    Font shape `OT1/ptm/bx/n' in size <14.4> not available
(Font)              Font shape `OT1/ptm/b/n' tried instead on input line 60.
<image/gne.png, id=1, 706.89093pt x 776.9025pt>
File: image/gne.png Graphic file (type png)
 <use image/gne.png>
Package pdftex.def Info: image/gne.png used on input line 60.
(pdftex.def)             Requested size: 127.23488pt x 139.83641pt.
 [1

{/var/lib/texmf/fonts/map/pdftex/updmap/pdftex.map} <./image/gne.png>]
\openout2 = `abstract.aux'.

 (./abstract.tex
Underfull \hbox (badness 10000) in paragraph at lines 4--14

 []


Underfull \hbox (badness 10000) in paragraph at lines 4--14

 []

) [1

]
\openout2 = `acknowledge.aux'.

 (./acknowledge.tex
Missing character: There is no ¬ in font ptmr7t!
Missing character: There is no † in font ptmr7t!
Missing character: There is no ¬ in font ptmr7t!
Missing character: There is no † in font ptmr7t!

Underfull \hbox (badness 10000) in paragraph at lines 5--14

 []


Underfull \hbox (badness 10000) in paragraph at lines 5--14

 []

) [2


]
LaTeX Font Info:    Font shape `OT1/ptm/bx/n' in size <24.88> not available
(Font)              Font shape `OT1/ptm/b/n' tried instead on input line 78.
 (./template.toc
LaTeX Font Info:    External font `cmex10' loaded for size
(Font)              <12> on input line 2.
LaTeX Font Info:    External font `cmex10' loaded for size
(Font)              <8> on input line 2.
LaTeX Font Info:    External font `cmex10' loaded for size
(Font)              <6> on input line 2.
 [3


])
\tf@toc=\write3
\openout3 = `template.toc'.

 [4] (./template.lof [5

])
\tf@lof=\write4
\openout4 = `template.lof'.

 [6]
\openout2 = `organisation.aux'.

 (./organisation.tex
Chapter 1.
Missing character: There is no ‚ in font ptmr7t!
Missing character: There is no Ä in font ptmr7t!
Missing character: There is no ì in font ptmr7t!
Missing character: There is no ‚ in font ptmr7t!
Missing character: There is no Ä in font ptmr7t!
Missing character: There is no ò in font ptmr7t!
Missing character: There is no ‚ in font ptmr7t!
Missing character: There is no Ä in font ptmr7t!
Missing character: There is no ô in font ptmr7t!

Underfull \hbox (badness 10000) in paragraph at lines 3--13

 []


Underfull \hbox (badness 10000) in paragraph at lines 3--13

 []


Underfull \hbox (badness 10000) in paragraph at lines 3--13

 []

LaTeX Font Info:    Try loading font information for OMS+ptm on input line 14.
(/usr/share/texlive/texmf-dist/tex/latex/psnfss/omsptm.fd
File: omsptm.fd 
)
LaTeX Font Info:    Font shape `OMS/ptm/m/n' in size <12> not available
(Font)              Font shape `OMS/cmsy/m/n' tried instead on input line 14.
 [1


]
Missing character: There is no ‚ in font ptmr7t!
Missing character: There is no Ä in font ptmr7t!
Missing character: There is no ì in font ptmr7t!

<image/digimantra.png, id=33, 450.68375pt x 183.68625pt>
File: image/digimantra.png Graphic file (type png)

<use image/digimantra.png>
Package pdftex.def Info: image/digimantra.png used on input line 23.
(pdftex.def)             Requested size: 405.61162pt x 165.31607pt.
 [2 <./image/digimantra.png>]
Underfull \hbox (badness 10000) in paragraph at lines 33--44

 []


Underfull \hbox (badness 10000) in paragraph at lines 33--44

 []


Underfull \hbox (badness 10000) in paragraph at lines 51--64

 []

[3] [4]
Underfull \hbox (badness 10000) in paragraph at lines 69--76

 []


Underfull \hbox (badness 10000) in paragraph at lines 69--76

 []


Underfull \hbox (badness 10000) in paragraph at lines 69--76

 []

[5]
Missing character: There is no ‚ in font ptmr7t!
Missing character: There is no Ä in font ptmr7t!
Missing character: There is no ò in font ptmr7t!
Missing character: There is no ‚ in font ptmr7t!
Missing character: There is no Ä in font ptmr7t!
Missing character: There is no ô in font ptmr7t!

Underfull \hbox (badness 10000) in paragraph at lines 81--87

 []

[6]
Underfull \hbox (badness 10000) in paragraph at lines 100--101

 []

[7] [8]
LaTeX Font Info:    Font shape `OT1/ptm/bx/it' in size <12> not available
(Font)              Font shape `OT1/ptm/b/it' tried instead on input line 128.
 [9]
Missing character: There is no ‚ in font ptmr7t!
Missing character: There is no Ä in font ptmr7t!
Missing character: There is no ô in font ptmr7t!
 [10] [11] [12]) [13]
\openout2 = `requirement.aux'.

 (./requirement.tex
Chapter 2.

Overfull \hbox (8.68001pt too wide) in paragraph at lines 1--1
|\OT1/ptm/b/n/24.88 Requirement Anal-y-sis and Sys-tem Spec-i-fi-ca-tions| 
 []


Underfull \hbox (badness 10000) in paragraph at lines 3--18

 []


Underfull \hbox (badness 10000) in paragraph at lines 3--18

 []

[14



]
Missing character: There is no ‚ in font ptmr7t!
Missing character: There is no Ä in font ptmr7t!
Missing character: There is no ô in font ptmr7t!
 [15] [16] [17] [18] [19] [20] [21] [22] [23]
Underfull \hbox (badness 10000) in paragraph at lines 267--276

 []

<image/sdlc.png, id=105, 436.63126pt x 410.53375pt>
File: image/sdlc.png Graphic file (type png)
 <use image/sdlc.png>
Package pdftex.def Info: image/sdlc.png used on input line 279.
(pdftex.def)             Requested size: 305.63979pt x 287.37166pt.

[24 <./image/sdlc.png (PNG copy)>] [25]) [26]
\openout2 = `design.aux'.

 (./design.tex
Chapter 3.

Underfull \hbox (badness 10000) in paragraph at lines 4--7

 []

[27



] <image/detaildesign.png, id=120, 538.01pt x 717.68124pt>
File: image/detaildesign.png Graphic file (type png)

<use image/detaildesign.png>
Package pdftex.def Info: image/detaildesign.png used on input line 48.
(pdftex.def)             Requested size: 484.20453pt x 645.90715pt.
 [28] [29 <./image/detaildesign.png (PNG copy)>]
Underfull \hbox (badness 10000) in paragraph at lines 54--56

 []

<image/usecase1.png, id=127, 607.26875pt x 339.2675pt>
File: image/usecase1.png Graphic file (type png)

<use image/usecase1.png>
Package pdftex.def Info: image/usecase1.png used on input line 62.
(pdftex.def)             Requested size: 303.63364pt x 169.63333pt.

<image/usecase2.png, id=128, 773.89125pt x 456.70625pt>
File: image/usecase2.png Graphic file (type png)

<use image/usecase2.png>
Package pdftex.def Info: image/usecase2.png used on input line 69.
(pdftex.def)             Requested size: 386.94467pt x 228.35255pt.
 [30 <./image/usecase1.png>] [31 <./image/usecase2.png>] <image/ui1.png, id=136
, 248.93pt x 360.34625pt>
File: image/ui1.png Graphic file (type png)
 <use image/ui1.png>
Package pdftex.def Info: image/ui1.png used on input line 85.
(pdftex.def)             Requested size: 124.46469pt x 180.17268pt.

<image/ui2.png, id=137, 247.92625pt x 361.35pt>
File: image/ui2.png Graphic file (type png)
 <use image/ui2.png>
Package pdftex.def Info: image/ui2.png used on input line 92.
(pdftex.def)             Requested size: 123.96281pt x 180.67456pt.

<image/ui3.png, id=138, 248.93pt x 362.35374pt>
File: image/ui3.png Graphic file (type png)
 <use image/ui3.png>
Package pdftex.def Info: image/ui3.png used on input line 99.
(pdftex.def)             Requested size: 124.46469pt x 181.17642pt.
 [32 <./image/ui1.png> <./image/ui2.png>]
<image/ui4.png, id=142, 247.92625pt x 362.35374pt>
File: image/ui4.png Graphic file (type png)
 <use image/ui4.png>
Package pdftex.def Info: image/ui4.png used on input line 106.
(pdftex.def)             Requested size: 123.96281pt x 181.17642pt.

<image/ui5.png, id=143, 246.9225pt x 361.35pt>
File: image/ui5.png Graphic file (type png)
 <use image/ui5.png>
Package pdftex.def Info: image/ui5.png used on input line 114.
(pdftex.def)             Requested size: 123.46094pt x 180.67456pt.
 [33 <./image/ui3.png> <./image/ui4.png>] <image/ui6.png, id=147, 248.93pt x 36
0.34625pt>
File: image/ui6.png Graphic file (type png)

<use image/ui6.png>
Package pdftex.def Info: image/ui6.png used on input line 121.
(pdftex.def)             Requested size: 124.46469pt x 180.17268pt.
 [34 <./image/ui5.png> <./image/ui6.png>]
Underfull \hbox (badness 10000) in paragraph at lines 130--131

 []


Underfull \hbox (badness 10000) in paragraph at lines 132--133

 []

Missing character: There is no ‚ in font ptmr7t!
Missing character: There is no Ä in font ptmr7t!
Missing character: There is no ô in font ptmr7t!
[35]
Underfull \hbox (badness 10000) in paragraph at lines 154--155

 []


Underfull \hbox (badness 10000) in paragraph at lines 156--157

 []

<image/erdiagram.png, id=154, 501.875pt x 536.0025pt>
File: image/erdiagram.png Graphic file (type png)

<use image/erdiagram.png>
Package pdftex.def Info: image/erdiagram.png used on input line 161.
(pdftex.def)             Requested size: 451.68332pt x 482.3978pt.
 [36]
Missing character: There is no ‚ in font ptmr7t!
Missing character: There is no Ä in font ptmr7t!
Missing character: There is no î in font ptmr7t!
Missing character: There is no ‚ in font ptmr7t!
Missing character: There is no Ä in font ptmr7t!
Missing character: There is no î in font ptmr7t!
 [37 <./image/erdiagram.png (PNG copy)>]
Underfull \hbox (badness 10000) in paragraph at lines 171--173

 []


Underfull \hbox (badness 10000) in paragraph at lines 182--183

 []


Underfull \hbox (badness 10000) in paragraph at lines 184--185

 []


Underfull \hbox (badness 10000) in paragraph at lines 186--187

 []

[38]
Underfull \hbox (badness 10000) in paragraph at lines 202--203

 []


Underfull \hbox (badness 10000) in paragraph at lines 204--207

 []

[39]
Underfull \hbox (badness 10000) in paragraph at lines 215--216

 []


Underfull \hbox (badness 10000) in paragraph at lines 217--218

 []

<image/agile.png, id=168, 301.125pt x 223.83624pt>
File: image/agile.png Graphic file (type png)
 <use image/agile.png>
Package pdftex.def Info: image/agile.png used on input line 221.
(pdftex.def)             Requested size: 271.00998pt x 201.45074pt.

Underfull \hbox (badness 10000) in paragraph at lines 219--223

 []

Missing character: There is no ‚ in font ptmri7t!
Missing character: There is no Ä in font ptmri7t!
Missing character: There is no ì in font ptmri7t!
Missing character: There is no ‚ in font ptmri7t!
Missing character: There is no Ä in font ptmri7t!
Missing character: There is no ì in font ptmri7t!
[40 <./image/agile.png>]
Missing character: There is no ‚ in font ptmri7t!
Missing character: There is no Ä in font ptmri7t!
Missing character: There is no ì in font ptmri7t!
Missing character: There is no ‚ in font ptmri7t!
Missing character: There is no Ä in font ptmri7t!
Missing character: There is no ì in font ptmri7t!
) [41]
\openout2 = `implementation.aux'.

 (./implementation.tex
Chapter 4.
Missing character: There is no ‚ in font ptmr7t!
Missing character: There is no Ä in font ptmr7t!
Missing character: There is no ô in font ptmr7t!

Underfull \hbox (badness 10000) in paragraph at lines 4--11

 []

Missing character: There is no ‚ in font ptmr7t!
Missing character: There is no Ä in font ptmr7t!
Missing character: There is no ô in font ptmr7t!
Missing character: There is no ‚ in font ptmr7t!
Missing character: There is no Ä in font ptmr7t!
Missing character: There is no ô in font ptmr7t!
Missing character: There is no ‚ in font ptmr7t!
Missing character: There is no Ä in font ptmr7t!
Missing character: There is no ô in font ptmr7t!
Missing character: There is no ‚ in font ptmr7t!
Missing character: There is no Ä in font ptmr7t!
Missing character: There is no î in font ptmr7t!
Missing character: There is no ‚ in font ptmr7t!
Missing character: There is no Ä in font ptmr7t!
Missing character: There is no ô in font ptmr7t!
Missing character: There is no ‚ in font ptmr7t!
Missing character: There is no Ä in font ptmr7t!
Missing character: There is no ú in font ptmr7t!
Missing character: There is no ‚ in font ptmr7t!
Missing character: There is no Ä in font ptmr7t!
Missing character: There is no ù in font ptmr7t!
Missing character: There is no ‚ in font ptmr7t!
Missing character: There is no Ä in font ptmr7t!
Missing character: There is no ô in font ptmr7t!
Missing character: There is no ‚ in font ptmr7t!
Missing character: There is no Ä in font ptmr7t!
Missing character: There is no î in font ptmr7t!
Missing character: There is no ‚ in font ptmr7t!
Missing character: There is no Ä in font ptmr7t!
Missing character: There is no ô in font ptmr7t!
Missing character: There is no ‚ in font ptmr7t!
Missing character: There is no Ä in font ptmr7t!
Missing character: There is no ô in font ptmr7t!
Missing character: There is no ‚ in font ptmr7t!
Missing character: There is no Ä in font ptmr7t!
Missing character: There is no ô in font ptmr7t!
Missing character: There is no ‚ in font ptmr7t!
Missing character: There is no Ä in font ptmr7t!
Missing character: There is no ô in font ptmr7t!
Missing character: There is no ‚ in font ptmr7t!
Missing character: There is no Ä in font ptmr7t!
Missing character: There is no ô in font ptmr7t!
[42



] [43]
Underfull \hbox (badness 10000) in paragraph at lines 100--105

 []

[44]
Underfull \hbox (badness 10000) in paragraph at lines 112--117

 []


Underfull \hbox (badness 10000) in paragraph at lines 118--123

 []


Underfull \hbox (badness 10000) in paragraph at lines 124--127

 []

[45] [46] [47] <image/commit.png, id=196, 939.51pt x 258.9675pt>
File: image/commit.png Graphic file (type png)

<use image/commit.png>
Package pdftex.def Info: image/commit.png used on input line 196.
(pdftex.def)             Requested size: 375.79733pt x 103.58514pt.

<image/codefrequency.png, id=197, 1080.035pt x 676.5275pt>
File: image/codefrequency.png Graphic file (type png)

<use image/codefrequency.png>
Package pdftex.def Info: image/codefrequency.png used on input line 201.
(pdftex.def)             Requested size: 432.00635pt x 270.6062pt.
 [48 <./image/commit.png>] [49 <./image/codefrequency.png>]
Underfull \hbox (badness 10000) in paragraph at lines 210--212

 []


Underfull \hbox (badness 10000) in paragraph at lines 219--220

 []


Underfull \hbox (badness 10000) in paragraph at lines 221--222

 []


Underfull \hbox (badness 10000) in paragraph at lines 223--224

 []

[50]
Missing character: There is no ‚ in font ptmbi7t!
Missing character: There is no Ä in font ptmbi7t!
Missing character: There is no ì in font ptmbi7t!
Missing character: There is no ‚ in font ptmbi7t!
Missing character: There is no Ä in font ptmbi7t!
Missing character: There is no ì in font ptmbi7t!
Missing character: There is no ‚ in font ptmr7t!
Missing character: There is no Ä in font ptmr7t!
Missing character: There is no ô in font ptmr7t!
Missing character: There is no ‚ in font ptmbi7t!
Missing character: There is no Ä in font ptmbi7t!
Missing character: There is no ì in font ptmbi7t!
Missing character: There is no ‚ in font ptmbi7t!
Missing character: There is no Ä in font ptmbi7t!
Missing character: There is no ì in font ptmbi7t!
Missing character: There is no ‚ in font ptmbi7t!
Missing character: There is no Ä in font ptmbi7t!
Missing character: There is no ì in font ptmbi7t!
Missing character: There is no ‚ in font ptmbi7t!
Missing character: There is no Ä in font ptmbi7t!
Missing character: There is no ì in font ptmbi7t!
Missing character: There is no ‚ in font ptmbi7t!
Missing character: There is no Ä in font ptmbi7t!
Missing character: There is no ì in font ptmbi7t!
Missing character: There is no ‚ in font ptmbi7t!
Missing character: There is no Ä in font ptmbi7t!
Missing character: There is no ì in font ptmbi7t!
 [51]
Missing character: There is no ‚ in font ptmbi7t!
Missing character: There is no Ä in font ptmbi7t!
Missing character: There is no ì in font ptmbi7t!
) [52]
\openout2 = `result.aux'.

 (./result.tex
Chapter 5.
[53



] <image/gcm.png, id=217, 779.91376pt x 540.0175pt>
File: image/gcm.png Graphic file (type png)
 <use image/gcm.png>
Package pdftex.def Info: image/gcm.png used on input line 36.
(pdftex.def)             Requested size: 389.95593pt x 270.00809pt.

[54 <./image/gcm.png>] [55] [56]
<image/landing.png, id=228, 412.54124pt x 717.68124pt>
File: image/landing.png Graphic file (type png)
 <use image/landing.png>
Package pdftex.def Info: image/landing.png used on input line 78.
(pdftex.def)             Requested size: 288.7769pt x 502.37344pt.

<image/register.png, id=229, 410.53375pt x 717.68124pt>
File: image/register.png Graphic file (type png)

<use image/register.png>
Package pdftex.def Info: image/register.png used on input line 84.
(pdftex.def)             Requested size: 287.37166pt x 502.37344pt.
 [57 <./image/landing.png>]
<image/login.png, id=233, 411.5375pt x 721.69624pt>
File: image/login.png Graphic file (type png)
 <use image/login.png>
Package pdftex.def Info: image/login.png used on input line 90.
(pdftex.def)             Requested size: 288.07428pt x 505.18393pt.

[58 <./image/register.png>]
<image/dashboard.png, id=237, 411.5375pt x 716.6775pt>
File: image/dashboard.png Graphic file (type png)

<use image/dashboard.png>
Package pdftex.def Info: image/dashboard.png used on input line 96.
(pdftex.def)             Requested size: 288.07428pt x 501.67084pt.
 [59 <./image/login.png>]
<image/post.png, id=241, 411.5375pt x 714.67pt>
File: image/post.png Graphic file (type png)
 <use image/post.png>
Package pdftex.def Info: image/post.png used on input line 104.
(pdftex.def)             Requested size: 288.07428pt x 500.26558pt.
 [60 <./image/dashboard.png>] <image/reset.png, id=246, 409.53pt x 715.67375pt>
File: image/reset.png Graphic file (type png)

<use image/reset.png>
Package pdftex.def Info: image/reset.png used on input line 111.
(pdftex.def)             Requested size: 286.66904pt x 500.9682pt.
 [61 <./image/post.png>]
<image/service.png, id=250, 481.8pt x 857.2025pt>
File: image/service.png Graphic file (type png)
 <use image/service.png>
Package pdftex.def Info: image/service.png used on input line 118.
(pdftex.def)             Requested size: 337.25769pt x 600.03766pt.

[62 <./image/reset.png>] <image/notify.png, id=254, 479.7925pt x 753.81625pt>
File: image/notify.png Graphic file (type png)

<use image/notify.png>
Package pdftex.def Info: image/notify.png used on input line 125.
(pdftex.def)             Requested size: 335.85245pt x 527.66779pt.
 [63 <./image/service.png>]
<image/email.png, id=258, 412.54124pt x 716.6775pt>
File: image/email.png Graphic file (type png)
 <use image/email.png>
Package pdftex.def Info: image/email.png used on input line 132.
(pdftex.def)             Requested size: 288.7769pt x 501.67084pt.

[64 <./image/notify.png>] <image/mob.png, id=263, 412.54124pt x 720.6925pt>
File: image/mob.png Graphic file (type png)

<use image/mob.png>
Package pdftex.def Info: image/mob.png used on input line 139.
(pdftex.def)             Requested size: 288.7769pt x 504.48132pt.
 [65 <./image/email.png>]
<image/context.png, id=268, 413.545pt x 716.6775pt>
File: image/context.png Graphic file (type png)
 <use image/context.png>
Package pdftex.def Info: image/context.png used on input line 145.
(pdftex.def)             Requested size: 289.4795pt x 501.67084pt.

[66 <./image/mob.png>] <image/search.png, id=274, 411.5375pt x 717.68124pt>
File: image/search.png Graphic file (type png)

<use image/search.png>
Package pdftex.def Info: image/search.png used on input line 151.
(pdftex.def)             Requested size: 288.07428pt x 502.37344pt.
 [67 <./image/context.png>]
<image/detail.png, id=278, 413.545pt x 716.6775pt>
File: image/detail.png Graphic file (type png)
 <use image/detail.png>
Package pdftex.def Info: image/detail.png used on input line 158.
(pdftex.def)             Requested size: 289.4795pt x 501.67084pt.

[68 <./image/search.png>] [69 <./image/detail.png>]
<image/db.png, id=285, 938.50626pt x 195.73125pt>
File: image/db.png Graphic file (type png)
 <use image/db.png>
Package pdftex.def Info: image/db.png used on input line 171.
(pdftex.def)             Requested size: 469.25198pt x 97.86537pt.

<image/db1.png, id=286, 745.78625pt x 164.615pt>
File: image/db1.png Graphic file (type png)
 <use image/db1.png>
Package pdftex.def Info: image/db1.png used on input line 183.
(pdftex.def)             Requested size: 372.89221pt x 82.3073pt.

<image/db2.png, id=287, 629.35126pt x 248.93pt>
File: image/db2.png Graphic file (type png)
 <use image/db2.png>
Package pdftex.def Info: image/db2.png used on input line 190.
(pdftex.def)             Requested size: 314.67485pt x 124.46469pt.
 [70 <./image/db.png> <./image/db1.png>] <image/db3.png, id=291, 624.3325pt x 1
19.44624pt>
File: image/db3.png Graphic file (type png)

<use image/db3.png>
Package pdftex.def Info: image/db3.png used on input line 197.
(pdftex.def)             Requested size: 312.16548pt x 59.72296pt.
) [71 <./image/db2.png> <./image/db3.png>]
\openout2 = `conclude.aux'.

 (./conclude.tex
Chapter 6.
[72



]) [73]
\openout2 = `bibliography.aux'.

 (./bibliography.tex
! Undefined control sequence.
l.9 Basic Android Tutorials, available at \url
                                              {http://www.tutorialspoint.com...

? 
! Undefined control sequence.
l.12 ...d Development Tutorials, available at \url
                                                  {http://www.developer.andr...

? 
Missing character: There is no ‚ in font ptmr7t!
Missing character: There is no Ä in font ptmr7t!
Missing character: There is no ì in font ptmr7t!
) [74



] (./template.aux (./abstract.aux) (./acknowledge.aux) (./organisation.aux) (./
requirement.aux) (./design.aux) (./implementation.aux) (./result.aux)
(./conclude.aux) (./bibliography.aux)) ) 
Here is how much of TeX's memory you used:
 3001 strings out of 495059
 42257 string characters out of 3182030
 105130 words of memory out of 3000000
 6039 multiletter control sequences out of 15000+200000
 23017 words of font info for 45 fonts, out of 3000000 for 9000
 14 hyphenation exceptions out of 8191
 38i,8n,33p,707b,255s stack positions out of 5000i,500n,10000p,200000b,50000s
{/usr/share/texlive/texmf-dist/fonts/en
c/dvips/base/8r.enc}</usr/share/texlive/texmf-dist/fonts/type1/public/amsfonts/
cm/cmsy10.pfb></usr/share/texlive/texmf-dist/fonts/type1/urw/times/utmb8a.pfb><
/usr/share/texlive/texmf-dist/fonts/type1/urw/times/utmbi8a.pfb></usr/share/tex
live/texmf-dist/fonts/type1/urw/times/utmr8a.pfb></usr/share/texlive/texmf-dist
/fonts/type1/urw/times/utmri8a.pfb>
Output written on template.pdf (81 pages, 1659107 bytes).
PDF statistics:
 327 PDF objects out of 1000 (max. 8388607)
 198 compressed objects within 2 object streams
 0 named destinations out of 1000 (max. 500000)
 171 words of extra memory for PDF output out of 10000 (max. 10000000)

